#
# A fatal error has been detected by the Java Runtime Environment:
#
#  Internal Error (javaClasses.cpp:136), pid=12920, tid=13660
#  fatal error: Invalid layout of preloaded class
#
# JRE version:  (7.0_45-b18) (build )
# Java VM: Java HotSpot(TM) 64-Bit Server VM (24.45-b08 mixed mode windows-amd64 compressed oops)
# Failed to write core dump. Minidumps are not enabled by default on client versions of Windows
#
# If you would like to submit a bug report, please visit:
#   http://bugreport.sun.com/bugreport/crash.jsp
#

---------------  T H R E A D  ---------------

Current thread (0x0000000001ef0800):  JavaThread "Unknown thread" [_thread_in_vm, id=13660, stack(0x0000000001d00000,0x0000000001e00000)]

Stack: [0x0000000001d00000,0x0000000001e00000]

---------------  P R O C E S S  ---------------

Java Threads: ( => current thread )

Other Threads:

=>0x0000000001ef0800 (exited) JavaThread "Unknown thread" [_thread_in_vm, id=13660, stack(0x0000000001d00000,0x0000000001e00000)]

VM state:not at safepoint (not fully initialized)

VM Mutex/Monitor currently owned by a thread: None

GC Heap History (0 events):
No events

Deoptimization events (0 events):
No events

Internal exceptions (0 events):
No events

Events (10 events):
Event: 0.008 loading class 0x0000000001f3ea60 done
Event: 0.008 loading class 0x0000000001f3e480 done
Event: 0.008 loading class 0x0000000001f3e460
Event: 0.008 loading class 0x0000000001f46560
Event: 0.008 loading class 0x0000000001f46560 done
Event: 0.008 loading class 0x0000000001f46590
Event: 0.008 loading class 0x0000000001f46590 done
Event: 0.008 loading class 0x0000000001f465c0
Event: 0.008 loading class 0x0000000001f465c0 done
Event: 0.008 loading class 0x0000000001f3e460 done


Dynamic libraries:
0x00007ff663c90000 - 0x00007ff663cc3000 	C:\Program Files\Java\jre7\bin\javaw.exe
0x00007ffb665b0000 - 0x00007ffb66759000 	C:\WINDOWS\SYSTEM32\ntdll.dll
0x00007ffb655d0000 - 0x00007ffb65709000 	C:\WINDOWS\system32\KERNEL32.DLL
0x00007ffb63c80000 - 0x00007ffb63d8f000 	C:\WINDOWS\system32\KERNELBASE.dll
0x00007ffb62560000 - 0x00007ffb625eb000 	C:\WINDOWS\system32\apphelp.dll
0x00007ffb55160000 - 0x00007ffb551af000 	C:\WINDOWS\AppPatch\AppPatch64\AcGenral.DLL
0x00007ffb65c30000 - 0x00007ffb65cd7000 	C:\WINDOWS\system32\msvcrt.dll
0x00007ffb63770000 - 0x00007ffb6379b000 	C:\WINDOWS\SYSTEM32\SspiCli.dll
0x00007ffb65b10000 - 0x00007ffb65b61000 	C:\WINDOWS\system32\SHLWAPI.dll
0x00007ffb66430000 - 0x00007ffb665a1000 	C:\WINDOWS\system32\USER32.dll
0x00007ffb65990000 - 0x00007ffb65b06000 	C:\WINDOWS\system32\ole32.dll
0x00007ffb641c0000 - 0x00007ffb655cf000 	C:\WINDOWS\system32\SHELL32.dll
0x00007ffb62f30000 - 0x00007ffb62f4f000 	C:\WINDOWS\SYSTEM32\USERENV.dll
0x00007ffb65d40000 - 0x00007ffb65de5000 	C:\WINDOWS\system32\ADVAPI32.dll
0x00007ffb57690000 - 0x00007ffb576ab000 	C:\WINDOWS\SYSTEM32\MPR.dll
0x00007ffb662d0000 - 0x00007ffb66406000 	C:\WINDOWS\system32\RPCRT4.dll
0x00007ffb640d0000 - 0x00007ffb64127000 	C:\WINDOWS\SYSTEM32\sechost.dll
0x00007ffb66080000 - 0x00007ffb66257000 	C:\WINDOWS\SYSTEM32\combase.dll
0x00007ffb65f30000 - 0x00007ffb66075000 	C:\WINDOWS\system32\GDI32.dll
0x00007ffb63930000 - 0x00007ffb63944000 	C:\WINDOWS\SYSTEM32\profapi.dll
0x00007ffb61f60000 - 0x00007ffb62001000 	C:\WINDOWS\SYSTEM32\SHCORE.dll
0x00007ffb658b0000 - 0x00007ffb658e4000 	C:\WINDOWS\system32\IMM32.DLL
0x00007ffb65df0000 - 0x00007ffb65f28000 	C:\WINDOWS\system32\MSCTF.dll
0x00007ffb612e0000 - 0x00007ffb6153a000 	C:\WINDOWS\WinSxS\amd64_microsoft.windows.common-controls_6595b64144ccf1df_6.0.9600.16384_none_62475f7becb72503\COMCTL32.dll
0x000000006e650000 - 0x000000006e722000 	C:\Program Files\Java\jre7\bin\msvcr100.dll
0x000000006de80000 - 0x000000006e649000 	C:\Program Files\Java\jre7\bin\server\jvm.dll
0x00007ffb54190000 - 0x00007ffb54199000 	C:\WINDOWS\SYSTEM32\WSOCK32.dll
0x00007ffb58ff0000 - 0x00007ffb5900f000 	C:\WINDOWS\SYSTEM32\WINMM.dll
0x00007ffb64130000 - 0x00007ffb64137000 	C:\WINDOWS\system32\PSAPI.DLL
0x00007ffb65ce0000 - 0x00007ffb65d38000 	C:\WINDOWS\system32\WS2_32.dll
0x00007ffb58d80000 - 0x00007ffb58daa000 	C:\WINDOWS\SYSTEM32\WINMMBASE.dll
0x00007ffb662c0000 - 0x00007ffb662c9000 	C:\WINDOWS\system32\NSI.dll
0x00007ffb63c30000 - 0x00007ffb63c7a000 	C:\WINDOWS\SYSTEM32\cfgmgr32.dll
0x00007ffb627e0000 - 0x00007ffb62806000 	C:\WINDOWS\SYSTEM32\DEVOBJ.dll
0x000000006de70000 - 0x000000006de7f000 	C:\Program Files\Java\jre7\bin\verify.dll
0x000000006de40000 - 0x000000006de68000 	C:\Program Files\Java\jre7\bin\java.dll
0x000000006de20000 - 0x000000006de35000 	C:\Program Files\Java\jre7\bin\zip.dll

VM Arguments:
jvm_args: -Dfile.encoding=Cp1252 -Xbootclasspath:G:\D-Backup\Angel\Documents\School\docs\Sub-Shared 2\School\Honours Project\adt-bundle-windows-x86_64-20131030\adt-bundle-windows-x86_64-20131030\sdk\platforms\android-19\android.jar 
java_command: pathfind.DijkstraClient
Launcher Type: SUN_STANDARD

Environment Variables:
PATH=C:\Program Files (x86)\Intel\iCLS Client\;C:\Program Files\Intel\iCLS Client\;C:\Program Files (x86)\NVIDIA Corporation\PhysX\Common;C:\WINDOWS\system32;C:\WINDOWS;C:\WINDOWS\System32\Wbem;C:\WINDOWS\System32\WindowsPowerShell\v1.0\;C:\Program Files (x86)\ATI Technologies\ATI.ACE\Core-Static;C:\Program Files (x86)\Java\jre7\bin;C:\Program Files\Intel\Intel(R) Management Engine Components\DAL;C:\Program Files\Intel\Intel(R) Management Engine Components\IPT;C:\Program Files (x86)\Intel\Intel(R) Management Engine Components\DAL;C:\Program Files (x86)\Intel\Intel(R) Management Engine Components\IPT
USERNAME=Angel
OS=Windows_NT
PROCESSOR_IDENTIFIER=Intel64 Family 6 Model 58 Stepping 9, GenuineIntel



---------------  S Y S T E M  ---------------

OS: Windows 8 , 64 bit Build 9200 

CPU:total 8 (4 cores per cpu, 2 threads per core) family 6 model 58 stepping 9, cmov, cx8, fxsr, mmx, sse, sse2, sse3, ssse3, sse4.1, sse4.2, popcnt, avx, aes, erms, ht, tsc, tscinvbit, tscinv

Memory: 4k page, physical 16655988k(9372736k free), swap 33433204k(22969720k free)

vm_info: Java HotSpot(TM) 64-Bit Server VM (24.45-b08) for windows-amd64 JRE (1.7.0_45-b18), built on Oct  8 2013 05:47:22 by "java_re" with unknown MS VC++:1600

time: Fri Feb 21 00:12:08 2014
elapsed time: 0 seconds

